[debug] [2023-12-08T23:57:40.416Z] ----------------------------------------------------------------------
[debug] [2023-12-08T23:57:40.422Z] Command:       C:\Program Files\nodejs\node.exe C:\Users\MITAA\AppData\Roaming\npm\node_modules\firebase-tools\lib\bin\firebase.js login
[debug] [2023-12-08T23:57:40.422Z] CLI Version:   13.0.1
[debug] [2023-12-08T23:57:40.423Z] Platform:      win32
[debug] [2023-12-08T23:57:40.423Z] Node Version:  v20.10.0
[debug] [2023-12-08T23:57:40.424Z] Time:          Fri Dec 08 2023 15:57:40 GMT-0800 (미 태평양 표준시)
[debug] [2023-12-08T23:57:40.424Z] ----------------------------------------------------------------------
[debug] 
[debug] [2023-12-08T23:57:40.428Z] >>> [apiv2][query] GET https://firebase-public.firebaseio.com/cli.json [none]
[info] i  Firebase optionally collects CLI and Emulator Suite usage and error reporting information to help improve our products. Data is collected in accordance with Google's privacy policy (https://policies.google.com/privacy) and is not used to identify you.
 
[debug] [2023-12-08T23:57:40.674Z] <<< [apiv2][status] GET https://firebase-public.firebaseio.com/cli.json 200
[debug] [2023-12-08T23:57:40.675Z] <<< [apiv2][body] GET https://firebase-public.firebaseio.com/cli.json {"cloudBuildErrorAfter":1594252800000,"cloudBuildWarnAfter":1590019200000,"defaultNode10After":1594252800000,"minVersion":"3.0.5","node8DeploysDisabledAfter":1613390400000,"node8RuntimeDisabledAfter":1615809600000,"node8WarnAfter":1600128000000}
[debug] [2023-12-08T23:59:48.727Z] ----------------------------------------------------------------------
[debug] [2023-12-08T23:59:48.730Z] Command:       C:\Program Files\nodejs\node.exe C:\Users\MITAA\AppData\Roaming\npm\node_modules\firebase-tools\lib\bin\firebase.js login
[debug] [2023-12-08T23:59:48.731Z] CLI Version:   13.0.1
[debug] [2023-12-08T23:59:48.731Z] Platform:      win32
[debug] [2023-12-08T23:59:48.731Z] Node Version:  v20.10.0
[debug] [2023-12-08T23:59:48.731Z] Time:          Fri Dec 08 2023 15:59:48 GMT-0800 (미 태평양 표준시)
[debug] [2023-12-08T23:59:48.732Z] ----------------------------------------------------------------------
[debug] 
[info] i  Firebase optionally collects CLI and Emulator Suite usage and error reporting information to help improve our products. Data is collected in accordance with Google's privacy policy (https://policies.google.com/privacy) and is not used to identify you.
 
[debug] [2023-12-09T00:02:51.446Z] ----------------------------------------------------------------------
[debug] [2023-12-09T00:02:51.450Z] Command:       C:\Program Files\nodejs\node.exe C:\Users\MITAA\AppData\Roaming\npm\node_modules\firebase-tools\lib\bin\firebase.js login
[debug] [2023-12-09T00:02:51.450Z] CLI Version:   13.0.1
[debug] [2023-12-09T00:02:51.450Z] Platform:      win32
[debug] [2023-12-09T00:02:51.451Z] Node Version:  v20.10.0
[debug] [2023-12-09T00:02:51.451Z] Time:          Fri Dec 08 2023 16:02:51 GMT-0800 (미 태평양 표준시)
[debug] [2023-12-09T00:02:51.451Z] ----------------------------------------------------------------------
[debug] 
[info] i  Firebase optionally collects CLI and Emulator Suite usage and error reporting information to help improve our products. Data is collected in accordance with Google's privacy policy (https://policies.google.com/privacy) and is not used to identify you.
 
